

*******************************************************************************
Sun Apr 14 19:09:39 2024


FIT:    data read from 'C:\Users\mario\Documents\F503_LRD\Proyectos\P02\csv\covid.csv' using 1:5 every :::0::d
        format = x:z
        #datapoints = 81
        residuals are weighted equally (unit weight)

function used for fitting: f(x)
	f(x) = A*exp(-((x-u)/r)**2/2)
fitted parameters initialized with current variable values

iter      chisq       delta/lim  lambda   A             u             r            
   0 5.8374369953e+05   0.00e+00  2.70e+02    4.000000e+02   2.000000e+02   1.000000e+02
  22 9.5399796741e+04  -2.13e-01  2.70e-05    2.981645e+02   7.354419e+01   9.049905e+00

After 22 iterations the fit converged.
final sum of squares of residuals : 95399.8
rel. change during last iteration : -2.13217e-06

degrees of freedom    (FIT_NDF)                        : 78
rms of residuals      (FIT_STDFIT) = sqrt(WSSR/ndf)    : 34.9725
variance of residuals (reduced chisquare) = WSSR/ndf   : 1223.07

Final set of parameters            Asymptotic Standard Error
=======================            ==========================
A               = 298.165          +/- 11.19        (3.753%)
u               = 73.5442          +/- 0.6813       (0.9263%)
r               = 9.04991          +/- 0.6786       (7.498%)

correlation matrix of the fit parameters:
                A      u      r      
A               1.000 
u              -0.119  1.000 
r              -0.469  0.679  1.000 
